2022-06-30 15:13:37,367 p=39177 u=root n=ansible | ansible-playbook [core 2.12.7]
  config file = /root/project_web/ansible.cfg
  configured module search path = ['/root/project_web/ansible/modules', '/usr/share/ansible/modules']
  ansible python module location = /usr/lib/python3.8/site-packages/ansible
  ansible collection location = /root/.ansible/collections:/usr/share/ansible/collections
  executable location = /usr/bin/ansible-playbook
  python version = 3.8.13 (default, Jun 24 2022, 15:27:57) [GCC 8.5.0 20210514 (Red Hat 8.5.0-13)]
  jinja version = 2.10.3
  libyaml = True
2022-06-30 15:13:37,367 p=39177 u=root n=ansible | Using /root/project_web/ansible.cfg as config file
2022-06-30 15:13:37,369 p=39177 u=root n=ansible | setting up inventory plugins
2022-06-30 15:13:37,376 p=39177 u=root n=ansible | host_list declined parsing /etc/ansible/hosts as it did not pass its verify_file() method
2022-06-30 15:13:37,377 p=39177 u=root n=ansible | script declined parsing /etc/ansible/hosts as it did not pass its verify_file() method
2022-06-30 15:13:37,377 p=39177 u=root n=ansible | auto declined parsing /etc/ansible/hosts as it did not pass its verify_file() method
2022-06-30 15:13:37,379 p=39177 u=root n=ansible | Parsed /etc/ansible/hosts inventory source with ini plugin
2022-06-30 15:13:37,386 p=39177 u=root n=ansible | [WARNING]: provided hosts list is empty, only localhost is available. Note that the implicit localhost
does not match 'all'

2022-06-30 15:13:37,496 p=39177 u=root n=ansible | Loading callback plugin default of type stdout, v2.0 from /usr/lib/python3.8/site-packages/ansible/plugins/callback/default.py
2022-06-30 15:13:37,512 p=39177 u=root n=ansible | Attempting to use 'default' callback.
2022-06-30 15:13:37,512 p=39177 u=root n=ansible | Skipping callback 'default', as we already have a stdout callback.
2022-06-30 15:13:37,512 p=39177 u=root n=ansible | Attempting to use 'junit' callback.
2022-06-30 15:13:37,513 p=39177 u=root n=ansible | Attempting to use 'minimal' callback.
2022-06-30 15:13:37,513 p=39177 u=root n=ansible | Skipping callback 'minimal', as we already have a stdout callback.
2022-06-30 15:13:37,513 p=39177 u=root n=ansible | Attempting to use 'oneline' callback.
2022-06-30 15:13:37,513 p=39177 u=root n=ansible | Skipping callback 'oneline', as we already have a stdout callback.
2022-06-30 15:13:37,513 p=39177 u=root n=ansible | Attempting to use 'tree' callback.
2022-06-30 15:13:37,514 p=39177 u=root n=ansible | PLAYBOOK: web1.yaml *************************************************************************************
2022-06-30 15:13:37,514 p=39177 u=root n=ansible | 1 plays in web1.yaml
2022-06-30 15:13:37,516 p=39177 u=root n=ansible | PLAY [localhost] ****************************************************************************************
2022-06-30 15:13:37,533 p=39177 u=root n=ansible | TASK [Gathering Facts] **********************************************************************************
2022-06-30 15:13:37,560 p=39182 u=root n=ansible | <127.0.0.1> ESTABLISH LOCAL CONNECTION FOR USER: root
2022-06-30 15:13:37,561 p=39182 u=root n=ansible | <127.0.0.1> EXEC /bin/sh -c 'echo ~root && sleep 0'
2022-06-30 15:13:37,570 p=39182 u=root n=ansible | <127.0.0.1> EXEC /bin/sh -c '( umask 77 && mkdir -p "` echo /root/.ansible/tmp `"&& mkdir "` echo /root/.ansible/tmp/ansible-tmp-1656569617.5702498-39182-68251259535944 `" && echo ansible-tmp-1656569617.5702498-39182-68251259535944="` echo /root/.ansible/tmp/ansible-tmp-1656569617.5702498-39182-68251259535944 `" ) && sleep 0'
2022-06-30 15:13:37,916 p=39182 u=root n=ansible | Including module_utils file ansible/__init__.py
2022-06-30 15:13:37,916 p=39182 u=root n=ansible | Including module_utils file ansible/module_utils/__init__.py
2022-06-30 15:13:37,917 p=39182 u=root n=ansible | Including module_utils file ansible/module_utils/_text.py
2022-06-30 15:13:37,920 p=39182 u=root n=ansible | Including module_utils file ansible/module_utils/basic.py
2022-06-30 15:13:37,920 p=39182 u=root n=ansible | Including module_utils file ansible/module_utils/common/_collections_compat.py
2022-06-30 15:13:37,920 p=39182 u=root n=ansible | Including module_utils file ansible/module_utils/common/__init__.py
2022-06-30 15:13:37,921 p=39182 u=root n=ansible | Including module_utils file ansible/module_utils/common/_json_compat.py
2022-06-30 15:13:37,921 p=39182 u=root n=ansible | Including module_utils file ansible/module_utils/common/_utils.py
2022-06-30 15:13:37,921 p=39182 u=root n=ansible | Including module_utils file ansible/module_utils/common/arg_spec.py
2022-06-30 15:13:37,922 p=39182 u=root n=ansible | Including module_utils file ansible/module_utils/common/file.py
2022-06-30 15:13:37,922 p=39182 u=root n=ansible | Including module_utils file ansible/module_utils/common/locale.py
2022-06-30 15:13:37,923 p=39182 u=root n=ansible | Including module_utils file ansible/module_utils/common/parameters.py
2022-06-30 15:13:37,924 p=39182 u=root n=ansible | Including module_utils file ansible/module_utils/common/collections.py
2022-06-30 15:13:37,924 p=39182 u=root n=ansible | Including module_utils file ansible/module_utils/common/process.py
2022-06-30 15:13:37,925 p=39182 u=root n=ansible | Including module_utils file ansible/module_utils/common/sys_info.py
2022-06-30 15:13:37,925 p=39182 u=root n=ansible | Including module_utils file ansible/module_utils/common/text/converters.py
2022-06-30 15:13:37,925 p=39182 u=root n=ansible | Including module_utils file ansible/module_utils/common/text/__init__.py
2022-06-30 15:13:37,926 p=39182 u=root n=ansible | Including module_utils file ansible/module_utils/common/text/formatters.py
2022-06-30 15:13:37,926 p=39182 u=root n=ansible | Including module_utils file ansible/module_utils/common/validation.py
2022-06-30 15:13:37,927 p=39182 u=root n=ansible | Including module_utils file ansible/module_utils/common/warnings.py
2022-06-30 15:13:37,927 p=39182 u=root n=ansible | Including module_utils file ansible/module_utils/compat/selectors.py
2022-06-30 15:13:37,927 p=39182 u=root n=ansible | Including module_utils file ansible/module_utils/compat/__init__.py
2022-06-30 15:13:37,928 p=39182 u=root n=ansible | Including module_utils file ansible/module_utils/compat/_selectors2.py
2022-06-30 15:13:37,929 p=39182 u=root n=ansible | Including module_utils file ansible/module_utils/compat/selinux.py
2022-06-30 15:13:37,929 p=39182 u=root n=ansible | Including module_utils file ansible/module_utils/distro/__init__.py
2022-06-30 15:13:37,931 p=39182 u=root n=ansible | Including module_utils file ansible/module_utils/distro/_distro.py
2022-06-30 15:13:37,931 p=39182 u=root n=ansible | Including module_utils file ansible/module_utils/errors.py
2022-06-30 15:13:37,931 p=39182 u=root n=ansible | Including module_utils file ansible/module_utils/facts/ansible_collector.py
2022-06-30 15:13:37,932 p=39182 u=root n=ansible | Including module_utils file ansible/module_utils/facts/__init__.py
2022-06-30 15:13:37,932 p=39182 u=root n=ansible | Including module_utils file ansible/module_utils/facts/collector.py
2022-06-30 15:13:37,933 p=39182 u=root n=ansible | Including module_utils file ansible/module_utils/facts/compat.py
2022-06-30 15:13:37,933 p=39182 u=root n=ansible | Including module_utils file ansible/module_utils/facts/default_collectors.py
2022-06-30 15:13:37,934 p=39182 u=root n=ansible | Including module_utils file ansible/module_utils/facts/hardware/aix.py
2022-06-30 15:13:37,934 p=39182 u=root n=ansible | Including module_utils file ansible/module_utils/facts/hardware/__init__.py
2022-06-30 15:13:37,934 p=39182 u=root n=ansible | Including module_utils file ansible/module_utils/facts/hardware/base.py
2022-06-30 15:13:37,935 p=39182 u=root n=ansible | Including module_utils file ansible/module_utils/facts/hardware/darwin.py
2022-06-30 15:13:37,935 p=39182 u=root n=ansible | Including module_utils file ansible/module_utils/facts/hardware/dragonfly.py
2022-06-30 15:13:37,935 p=39182 u=root n=ansible | Including module_utils file ansible/module_utils/facts/hardware/freebsd.py
2022-06-30 15:13:37,936 p=39182 u=root n=ansible | Including module_utils file ansible/module_utils/facts/hardware/hpux.py
2022-06-30 15:13:37,936 p=39182 u=root n=ansible | Including module_utils file ansible/module_utils/facts/hardware/hurd.py
2022-06-30 15:13:37,937 p=39182 u=root n=ansible | Including module_utils file ansible/module_utils/facts/hardware/linux.py
2022-06-30 15:13:37,938 p=39182 u=root n=ansible | Including module_utils file ansible/module_utils/facts/hardware/netbsd.py
2022-06-30 15:13:37,938 p=39182 u=root n=ansible | Including module_utils file ansible/module_utils/facts/hardware/openbsd.py
2022-06-30 15:13:37,939 p=39182 u=root n=ansible | Including module_utils file ansible/module_utils/facts/hardware/sunos.py
2022-06-30 15:13:37,939 p=39182 u=root n=ansible | Including module_utils file ansible/module_utils/facts/namespace.py
2022-06-30 15:13:37,939 p=39182 u=root n=ansible | Including module_utils file ansible/module_utils/facts/network/aix.py
2022-06-30 15:13:37,940 p=39182 u=root n=ansible | Including module_utils file ansible/module_utils/facts/network/__init__.py
2022-06-30 15:13:37,940 p=39182 u=root n=ansible | Including module_utils file ansible/module_utils/facts/network/base.py
2022-06-30 15:13:37,940 p=39182 u=root n=ansible | Including module_utils file ansible/module_utils/facts/network/darwin.py
2022-06-30 15:13:37,941 p=39182 u=root n=ansible | Including module_utils file ansible/module_utils/facts/network/dragonfly.py
2022-06-30 15:13:37,941 p=39182 u=root n=ansible | Including module_utils file ansible/module_utils/facts/network/fc_wwn.py
2022-06-30 15:13:37,941 p=39182 u=root n=ansible | Including module_utils file ansible/module_utils/facts/network/freebsd.py
2022-06-30 15:13:37,942 p=39182 u=root n=ansible | Including module_utils file ansible/module_utils/facts/network/generic_bsd.py
2022-06-30 15:13:37,942 p=39182 u=root n=ansible | Including module_utils file ansible/module_utils/facts/network/hpux.py
2022-06-30 15:13:37,942 p=39182 u=root n=ansible | Including module_utils file ansible/module_utils/facts/network/hurd.py
2022-06-30 15:13:37,943 p=39182 u=root n=ansible | Including module_utils file ansible/module_utils/facts/network/iscsi.py
2022-06-30 15:13:37,943 p=39182 u=root n=ansible | Including module_utils file ansible/module_utils/facts/network/linux.py
2022-06-30 15:13:37,944 p=39182 u=root n=ansible | Including module_utils file ansible/module_utils/facts/network/netbsd.py
2022-06-30 15:13:37,944 p=39182 u=root n=ansible | Including module_utils file ansible/module_utils/facts/network/nvme.py
2022-06-30 15:13:37,944 p=39182 u=root n=ansible | Including module_utils file ansible/module_utils/facts/network/openbsd.py
2022-06-30 15:13:37,945 p=39182 u=root n=ansible | Including module_utils file ansible/module_utils/facts/network/sunos.py
2022-06-30 15:13:37,945 p=39182 u=root n=ansible | Including module_utils file ansible/module_utils/facts/other/facter.py
2022-06-30 15:13:37,945 p=39182 u=root n=ansible | Including module_utils file ansible/module_utils/facts/other/__init__.py
2022-06-30 15:13:37,946 p=39182 u=root n=ansible | Including module_utils file ansible/module_utils/facts/other/ohai.py
2022-06-30 15:13:37,946 p=39182 u=root n=ansible | Including module_utils file ansible/module_utils/facts/sysctl.py
2022-06-30 15:13:37,946 p=39182 u=root n=ansible | Including module_utils file ansible/module_utils/facts/system/apparmor.py
2022-06-30 15:13:37,947 p=39182 u=root n=ansible | Including module_utils file ansible/module_utils/facts/system/__init__.py
2022-06-30 15:13:37,947 p=39182 u=root n=ansible | Including module_utils file ansible/module_utils/facts/system/caps.py
2022-06-30 15:13:37,947 p=39182 u=root n=ansible | Including module_utils file ansible/module_utils/facts/system/chroot.py
2022-06-30 15:13:37,947 p=39182 u=root n=ansible | Including module_utils file ansible/module_utils/facts/system/cmdline.py
2022-06-30 15:13:37,948 p=39182 u=root n=ansible | Including module_utils file ansible/module_utils/facts/system/date_time.py
2022-06-30 15:13:37,949 p=39182 u=root n=ansible | Including module_utils file ansible/module_utils/facts/system/distribution.py
2022-06-30 15:13:37,949 p=39182 u=root n=ansible | Including module_utils file ansible/module_utils/facts/system/dns.py
2022-06-30 15:13:37,949 p=39182 u=root n=ansible | Including module_utils file ansible/module_utils/facts/system/env.py
2022-06-30 15:13:37,950 p=39182 u=root n=ansible | Including module_utils file ansible/module_utils/facts/system/fips.py
2022-06-30 15:13:37,950 p=39182 u=root n=ansible | Including module_utils file ansible/module_utils/facts/system/local.py
2022-06-30 15:13:37,951 p=39182 u=root n=ansible | Including module_utils file ansible/module_utils/facts/system/lsb.py
2022-06-30 15:13:37,951 p=39182 u=root n=ansible | Including module_utils file ansible/module_utils/facts/system/pkg_mgr.py
2022-06-30 15:13:37,951 p=39182 u=root n=ansible | Including module_utils file ansible/module_utils/facts/system/platform.py
2022-06-30 15:13:37,952 p=39182 u=root n=ansible | Including module_utils file ansible/module_utils/facts/system/python.py
2022-06-30 15:13:37,952 p=39182 u=root n=ansible | Including module_utils file ansible/module_utils/facts/system/selinux.py
2022-06-30 15:13:37,952 p=39182 u=root n=ansible | Including module_utils file ansible/module_utils/facts/system/service_mgr.py
2022-06-30 15:13:37,953 p=39182 u=root n=ansible | Including module_utils file ansible/module_utils/compat/version.py
2022-06-30 15:13:37,953 p=39182 u=root n=ansible | Including module_utils file ansible/module_utils/facts/system/ssh_pub_keys.py
2022-06-30 15:13:37,954 p=39182 u=root n=ansible | Including module_utils file ansible/module_utils/facts/system/user.py
2022-06-30 15:13:37,954 p=39182 u=root n=ansible | Including module_utils file ansible/module_utils/facts/timeout.py
2022-06-30 15:13:37,954 p=39182 u=root n=ansible | Including module_utils file ansible/module_utils/facts/utils.py
2022-06-30 15:13:37,955 p=39182 u=root n=ansible | Including module_utils file ansible/module_utils/facts/virtual/base.py
2022-06-30 15:13:37,955 p=39182 u=root n=ansible | Including module_utils file ansible/module_utils/facts/virtual/__init__.py
2022-06-30 15:13:37,955 p=39182 u=root n=ansible | Including module_utils file ansible/module_utils/facts/virtual/dragonfly.py
2022-06-30 15:13:37,955 p=39182 u=root n=ansible | Including module_utils file ansible/module_utils/facts/virtual/freebsd.py
2022-06-30 15:13:37,956 p=39182 u=root n=ansible | Including module_utils file ansible/module_utils/facts/virtual/hpux.py
2022-06-30 15:13:37,956 p=39182 u=root n=ansible | Including module_utils file ansible/module_utils/facts/virtual/linux.py
2022-06-30 15:13:37,957 p=39182 u=root n=ansible | Including module_utils file ansible/module_utils/facts/virtual/netbsd.py
2022-06-30 15:13:37,957 p=39182 u=root n=ansible | Including module_utils file ansible/module_utils/facts/virtual/openbsd.py
2022-06-30 15:13:37,957 p=39182 u=root n=ansible | Including module_utils file ansible/module_utils/facts/virtual/sunos.py
2022-06-30 15:13:37,958 p=39182 u=root n=ansible | Including module_utils file ansible/module_utils/facts/virtual/sysctl.py
2022-06-30 15:13:37,958 p=39182 u=root n=ansible | Including module_utils file ansible/module_utils/parsing/convert_bool.py
2022-06-30 15:13:37,958 p=39182 u=root n=ansible | Including module_utils file ansible/module_utils/parsing/__init__.py
2022-06-30 15:13:37,959 p=39182 u=root n=ansible | Including module_utils file ansible/module_utils/pycompat24.py
2022-06-30 15:13:37,960 p=39182 u=root n=ansible | Including module_utils file ansible/module_utils/six/__init__.py
2022-06-30 15:13:37,964 p=39182 u=root n=ansible | Using module file /usr/lib/python3.8/site-packages/ansible/modules/setup.py
2022-06-30 15:13:37,965 p=39182 u=root n=ansible | <127.0.0.1> PUT /root/.ansible/tmp/ansible-local-39177z7oinrel/tmpw0fwxwqa TO /root/.ansible/tmp/ansible-tmp-1656569617.5702498-39182-68251259535944/AnsiballZ_setup.py
2022-06-30 15:13:37,966 p=39182 u=root n=ansible | <127.0.0.1> EXEC /bin/sh -c 'chmod u+x /root/.ansible/tmp/ansible-tmp-1656569617.5702498-39182-68251259535944/ /root/.ansible/tmp/ansible-tmp-1656569617.5702498-39182-68251259535944/AnsiballZ_setup.py && sleep 0'
2022-06-30 15:13:37,976 p=39182 u=root n=ansible | <127.0.0.1> EXEC /bin/sh -c '/usr/bin/python3.8 /root/.ansible/tmp/ansible-tmp-1656569617.5702498-39182-68251259535944/AnsiballZ_setup.py && sleep 0'
2022-06-30 15:13:38,812 p=39182 u=root n=ansible | <127.0.0.1> EXEC /bin/sh -c 'rm -f -r /root/.ansible/tmp/ansible-tmp-1656569617.5702498-39182-68251259535944/ > /dev/null 2>&1 && sleep 0'
2022-06-30 15:13:38,836 p=39177 u=root n=ansible | ok: [localhost]
2022-06-30 15:13:38,851 p=39177 u=root n=ansible | META: ran handlers
2022-06-30 15:13:38,863 p=39177 u=root n=ansible | TASK [run custom bash module] ***************************************************************************
2022-06-30 15:13:38,884 p=39231 u=root n=ansible | <127.0.0.1> ESTABLISH LOCAL CONNECTION FOR USER: root
2022-06-30 15:13:38,885 p=39231 u=root n=ansible | <127.0.0.1> EXEC /bin/sh -c 'echo ~root && sleep 0'
2022-06-30 15:13:38,894 p=39231 u=root n=ansible | <127.0.0.1> EXEC /bin/sh -c '( umask 77 && mkdir -p "` echo /root/.ansible/tmp `"&& mkdir "` echo /root/.ansible/tmp/ansible-tmp-1656569618.8942778-39231-2174141014935 `" && echo ansible-tmp-1656569618.8942778-39231-2174141014935="` echo /root/.ansible/tmp/ansible-tmp-1656569618.8942778-39231-2174141014935 `" ) && sleep 0'
2022-06-30 15:13:38,911 p=39231 u=root n=ansible | Using module file /root/project_web/ansible/modules/sh.bashmod
2022-06-30 15:13:38,912 p=39231 u=root n=ansible | <127.0.0.1> PUT /root/.ansible/tmp/ansible-local-39177z7oinrel/tmpaimk1yit TO /root/.ansible/tmp/ansible-tmp-1656569618.8942778-39231-2174141014935/AnsiballZ_sh.bashmod
2022-06-30 15:13:38,913 p=39231 u=root n=ansible | <127.0.0.1> PUT /root/.ansible/tmp/ansible-local-39177z7oinrel/tmp8blferwp TO /root/.ansible/tmp/ansible-tmp-1656569618.8942778-39231-2174141014935/args
2022-06-30 15:13:38,914 p=39231 u=root n=ansible | <127.0.0.1> EXEC /bin/sh -c 'chmod u+x /root/.ansible/tmp/ansible-tmp-1656569618.8942778-39231-2174141014935/ /root/.ansible/tmp/ansible-tmp-1656569618.8942778-39231-2174141014935/AnsiballZ_sh.bashmod /root/.ansible/tmp/ansible-tmp-1656569618.8942778-39231-2174141014935/args && sleep 0'
2022-06-30 15:13:38,923 p=39231 u=root n=ansible | <127.0.0.1> EXEC /bin/sh -c '/bin/bash /root/.ansible/tmp/ansible-tmp-1656569618.8942778-39231-2174141014935/AnsiballZ_sh.bashmod /root/.ansible/tmp/ansible-tmp-1656569618.8942778-39231-2174141014935/args && sleep 0'
2022-06-30 15:13:38,954 p=39231 u=root n=ansible | <127.0.0.1> EXEC /bin/sh -c 'rm -f -r /root/.ansible/tmp/ansible-tmp-1656569618.8942778-39231-2174141014935/ > /dev/null 2>&1 && sleep 0'
2022-06-30 15:13:38,967 p=39177 u=root n=ansible | ok: [localhost] => {
    "changed": false,
    "contents": "Hello, \"world!\"\n",
    "msg": "file already exists"
}
2022-06-30 15:13:38,981 p=39177 u=root n=ansible | TASK [all strings are going to be upper] ****************************************************************
2022-06-30 15:13:39,002 p=39250 u=root n=ansible | <127.0.0.1> ESTABLISH LOCAL CONNECTION FOR USER: root
2022-06-30 15:13:39,002 p=39250 u=root n=ansible | <127.0.0.1> EXEC /bin/sh -c 'echo ~root && sleep 0'
2022-06-30 15:13:39,012 p=39250 u=root n=ansible | <127.0.0.1> EXEC /bin/sh -c '( umask 77 && mkdir -p "` echo /root/.ansible/tmp `"&& mkdir "` echo /root/.ansible/tmp/ansible-tmp-1656569619.0119236-39250-254609500419643 `" && echo ansible-tmp-1656569619.0119236-39250-254609500419643="` echo /root/.ansible/tmp/ansible-tmp-1656569619.0119236-39250-254609500419643 `" ) && sleep 0'
2022-06-30 15:13:39,026 p=39250 u=root n=ansible | Using module file /root/project_web/ansible/modules/sh.bashmod
2022-06-30 15:13:39,027 p=39250 u=root n=ansible | <127.0.0.1> PUT /root/.ansible/tmp/ansible-local-39177z7oinrel/tmpk102bkt8 TO /root/.ansible/tmp/ansible-tmp-1656569619.0119236-39250-254609500419643/AnsiballZ_sh.bashmod
2022-06-30 15:13:39,028 p=39250 u=root n=ansible | <127.0.0.1> PUT /root/.ansible/tmp/ansible-local-39177z7oinrel/tmpyiv86d6x TO /root/.ansible/tmp/ansible-tmp-1656569619.0119236-39250-254609500419643/args
2022-06-30 15:13:39,029 p=39250 u=root n=ansible | <127.0.0.1> EXEC /bin/sh -c 'chmod u+x /root/.ansible/tmp/ansible-tmp-1656569619.0119236-39250-254609500419643/ /root/.ansible/tmp/ansible-tmp-1656569619.0119236-39250-254609500419643/AnsiballZ_sh.bashmod /root/.ansible/tmp/ansible-tmp-1656569619.0119236-39250-254609500419643/args && sleep 0'
2022-06-30 15:13:39,037 p=39250 u=root n=ansible | <127.0.0.1> EXEC /bin/sh -c '/bin/bash /root/.ansible/tmp/ansible-tmp-1656569619.0119236-39250-254609500419643/AnsiballZ_sh.bashmod /root/.ansible/tmp/ansible-tmp-1656569619.0119236-39250-254609500419643/args && sleep 0'
2022-06-30 15:13:39,070 p=39250 u=root n=ansible | <127.0.0.1> EXEC /bin/sh -c 'rm -f -r /root/.ansible/tmp/ansible-tmp-1656569619.0119236-39250-254609500419643/ > /dev/null 2>&1 && sleep 0'
2022-06-30 15:13:39,082 p=39177 u=root n=ansible | changed: [localhost] => {
    "changed": true,
    "contents": "HELLO, \"WORLD!\"",
    "msg": "file converted to upper case"
}
2022-06-30 15:13:39,097 p=39177 u=root n=ansible | META: ran handlers
2022-06-30 15:13:39,110 p=39177 u=root n=ansible | META: ran handlers
2022-06-30 15:13:39,112 p=39177 u=root n=ansible | PLAY RECAP **********************************************************************************************
2022-06-30 15:13:39,112 p=39177 u=root n=ansible | localhost                  : ok=3    changed=1    unreachable=0    failed=0    skipped=0    rescued=0    ignored=0   
2022-06-30 17:18:46,011 p=39586 u=root n=ansible | [WARNING]: provided hosts list is empty, only localhost is available. Note that the
implicit localhost does not match 'all'

2022-06-30 17:18:46,072 p=39586 u=root n=ansible | ERROR! We were unable to read either as JSON nor YAML, these are the errors we got from each:
JSON: Expecting value: line 1 column 1 (char 0)

Syntax Error while loading YAML.
  could not find expected ':'

The error appears to be in '/root/project_web/web_project.yaml': line 10, column 14, but may
be elsewhere in the file depending on the exact syntax problem.

The offending line appears to be:

    sh.bootup
      enabled: true
             ^ here

2022-06-30 17:19:14,771 p=39592 u=root n=ansible | [WARNING]: provided hosts list is empty, only localhost is available. Note that the
implicit localhost does not match 'all'

2022-06-30 17:19:14,884 p=39592 u=root n=ansible | ERROR! couldn't resolve module/action 'sh.indexhml'. This often indicates a misspelling, missing collection, or incorrect module path.

The error appears to be in '/root/project_web/web_project.yaml': line 16, column 5, but may
be elsewhere in the file depending on the exact syntax problem.

The offending line appears to be:


  - name: create web page
    ^ here

2022-06-30 17:19:55,096 p=39598 u=root n=ansible | [WARNING]: provided hosts list is empty, only localhost is available. Note that the
implicit localhost does not match 'all'

2022-06-30 17:19:55,219 p=39598 u=root n=ansible | PLAY [localhost] *******************************************************************
2022-06-30 17:19:55,237 p=39598 u=root n=ansible | TASK [Gathering Facts] *************************************************************
2022-06-30 17:19:56,474 p=39598 u=root n=ansible | ok: [localhost]
2022-06-30 17:19:56,501 p=39598 u=root n=ansible | TASK [install httpd package] *******************************************************
2022-06-30 17:19:56,570 p=39598 u=root n=ansible | fatal: [localhost]: FAILED! => {"changed": false, "msg": "invalid option: True"}
2022-06-30 17:19:56,572 p=39598 u=root n=ansible | PLAY RECAP *************************************************************************
2022-06-30 17:19:56,572 p=39598 u=root n=ansible | localhost                  : ok=1    changed=0    unreachable=0    failed=1    skipped=0    rescued=0    ignored=0   
2022-06-30 17:20:38,729 p=39673 u=root n=ansible | [WARNING]: provided hosts list is empty, only localhost is available. Note that the
implicit localhost does not match 'all'

2022-06-30 17:20:38,859 p=39673 u=root n=ansible | PLAY [localhost] *******************************************************************
2022-06-30 17:20:38,877 p=39673 u=root n=ansible | TASK [Gathering Facts] *************************************************************
2022-06-30 17:20:40,151 p=39673 u=root n=ansible | ok: [localhost]
2022-06-30 17:20:40,182 p=39673 u=root n=ansible | TASK [install httpd package] *******************************************************
2022-06-30 17:20:40,259 p=39673 u=root n=ansible | fatal: [localhost]: FAILED! => {"changed": false, "msg": "invalid option: True"}
2022-06-30 17:20:40,261 p=39673 u=root n=ansible | PLAY RECAP *************************************************************************
2022-06-30 17:20:40,261 p=39673 u=root n=ansible | localhost                  : ok=1    changed=0    unreachable=0    failed=1    skipped=0    rescued=0    ignored=0   
2022-06-30 17:20:58,163 p=39746 u=root n=ansible | [WARNING]: provided hosts list is empty, only localhost is available. Note that the
implicit localhost does not match 'all'

2022-06-30 17:20:58,290 p=39746 u=root n=ansible | PLAY [localhost] *******************************************************************
2022-06-30 17:20:58,308 p=39746 u=root n=ansible | TASK [Gathering Facts] *************************************************************
2022-06-30 17:20:59,608 p=39746 u=root n=ansible | ok: [localhost]
2022-06-30 17:20:59,635 p=39746 u=root n=ansible | TASK [install httpd package] *******************************************************
2022-06-30 17:20:59,704 p=39746 u=root n=ansible | fatal: [localhost]: FAILED! => {"changed": false, "msg": "invalid option: True"}
2022-06-30 17:20:59,706 p=39746 u=root n=ansible | PLAY RECAP *************************************************************************
2022-06-30 17:20:59,706 p=39746 u=root n=ansible | localhost                  : ok=1    changed=0    unreachable=0    failed=1    skipped=0    rescued=0    ignored=0   
2022-06-30 17:23:24,885 p=39831 u=root n=ansible | [WARNING]: provided hosts list is empty, only localhost is available. Note that the implicit localhost
does not match 'all'

2022-06-30 17:23:25,011 p=39831 u=root n=ansible | PLAY [localhost] ****************************************************************************************
2022-06-30 17:23:25,029 p=39831 u=root n=ansible | TASK [Gathering Facts] **********************************************************************************
2022-06-30 17:23:26,296 p=39831 u=root n=ansible | ok: [localhost]
2022-06-30 17:23:26,326 p=39831 u=root n=ansible | TASK [check status httpd service] ***********************************************************************
2022-06-30 17:23:26,397 p=39831 u=root n=ansible | fatal: [localhost]: FAILED! => {"changed": false, "msg": "invalid option: True"}
2022-06-30 17:23:26,399 p=39831 u=root n=ansible | PLAY RECAP **********************************************************************************************
2022-06-30 17:23:26,399 p=39831 u=root n=ansible | localhost                  : ok=1    changed=0    unreachable=0    failed=1    skipped=0    rescued=0    ignored=0   
2022-06-30 17:23:37,905 p=39903 u=root n=ansible | [WARNING]: provided hosts list is empty, only localhost is available. Note that the implicit localhost
does not match 'all'

2022-06-30 17:23:38,024 p=39903 u=root n=ansible | PLAY [localhost] ****************************************************************************************
2022-06-30 17:23:38,041 p=39903 u=root n=ansible | TASK [Gathering Facts] **********************************************************************************
2022-06-30 17:23:39,292 p=39903 u=root n=ansible | ok: [localhost]
2022-06-30 17:23:39,321 p=39903 u=root n=ansible | TASK [create web page] **********************************************************************************
2022-06-30 17:23:39,396 p=39903 u=root n=ansible | fatal: [localhost]: FAILED! => {"changed": false, "msg": "invalid option: "}
2022-06-30 17:23:39,397 p=39903 u=root n=ansible | PLAY RECAP **********************************************************************************************
2022-06-30 17:23:39,398 p=39903 u=root n=ansible | localhost                  : ok=1    changed=0    unreachable=0    failed=1    skipped=0    rescued=0    ignored=0   
